2018-02-27 15:29:45,559 ERROR e.s.p.d.j.FeedJob [DataJob-26] Feed job failed for key: JobKey(Producer=getAlertDetails,operation=RESULTS,params={1c1705b2=alert_id=null},secParam={4bf2d068=es_testMode=true, 8dc6c9af=moog_graze_service=CredentialSetDO[credentials=[CredentialPairDO[key=Username,value=edgeservicemoog,hidden=false,required=false,doClass=<null>], CredentialPairDO[key=Password,value=<hidden>,hidden=true,required=false,doClass=<null>]]],isParameter=false,doClass=<null>]}) edge.server.pipeline.exceptions.RemoteConnectionPipelineException: URL associated with feed is not accessible.
        at edge.server.proxy.pipeline.ProxyConnector._getDocument(ProxyConnector.java:811)
        at edge.server.pipeline.data.connectors.AbstractConnector.getDocument(AbstractConnector.java:654)
        at edge.server.pipeline.data.connectors.AbstractConnector.invoke(AbstractConnector.java:157)
        at edge.server.pipeline.data.connectors.AbstractStreamingConnector.invoke(AbstractStreamingConnector.java:197)
        at edge.server.proxy.pipeline.ProxyConnector.invoke(ProxyConnector.java:333)
        at edge.server.pipeline.connect.ConnectionDO.invoke(ConnectionDO.java:593)
        at edge.server.pipeline.data.DataFeedDO.getDocument(DataFeedDO.java:152)
        at edge.server.pipeline.data.DataFeedDO.getDocument(DataFeedDO.java:167)
        at edge.server.pipeline.data.jobs.FeedJob.doRun(FeedJob.java:97)
        at edge.server.pipeline.data.jobs.DataJob.run(DataJob.java:201)
        at edge.server.pipeline.data.jobs.JobTask.run(JobTask.java:40)
        at org.springframework.scheduling.support.DelegatingErrorHandlingRunnable.run(DelegatingErrorHandlingRunnable.java:54)
        at java.util.concurrent.Executors$RunnableAdapter.call(Executors.java:511)
        at java.util.concurrent.FutureTask.run(FutureTask.java:266)
        at java.util.concurrent.ScheduledThreadPoolExecutor$ScheduledFutureTask.access$201(ScheduledThreadPoolExecutor.java:180)
        at java.util.concurrent.ScheduledThreadPoolExecutor$ScheduledFutureTask.run(ScheduledThreadPoolExecutor.java:293)
        at java.util.concurrent.ThreadPoolExecutor.runWorker(ThreadPoolExecutor.java:1149)
        at java.util.concurrent.ThreadPoolExecutor$Worker.run(ThreadPoolExecutor.java:624)
        at java.lang.Thread.run(Thread.java:748)
